c:\users\william carrillo\onedrive\umg\programacion\parcial2\ejercicoparcial\x64\release\vc143.pdb
c:\users\william carrillo\onedrive\umg\programacion\parcial2\ejercicoparcial\x64\release\puesto.obj
c:\users\william carrillo\onedrive\umg\programacion\parcial2\ejercicoparcial\x64\release\persona.obj
c:\users\william carrillo\onedrive\umg\programacion\parcial2\ejercicoparcial\x64\release\empleado.obj
c:\users\william carrillo\onedrive\umg\programacion\parcial2\ejercicoparcial\x64\release\ejercicoparcial.obj
c:\users\william carrillo\onedrive\umg\programacion\parcial2\ejercicoparcial\x64\release\cliente.obj
c:\users\william carrillo\onedrive\umg\programacion\parcial2\ejercicoparcial\x64\release\marca.obj
c:\users\william carrillo\onedrive\umg\programacion\parcial2\ejercicoparcial\x64\release\productos.obj
c:\users\william carrillo\onedrive\umg\programacion\parcial2\nueva carpeta\ejercicoparcial\x64\release\vc143.pdb
c:\users\william carrillo\onedrive\umg\programacion\parcial2\nueva carpeta\ejercicoparcial\x64\release\puesto.obj
c:\users\william carrillo\onedrive\umg\programacion\parcial2\nueva carpeta\ejercicoparcial\x64\release\productos.obj
c:\users\william carrillo\onedrive\umg\programacion\parcial2\nueva carpeta\ejercicoparcial\x64\release\persona.obj
c:\users\william carrillo\onedrive\umg\programacion\parcial2\nueva carpeta\ejercicoparcial\x64\release\marca.obj
c:\users\william carrillo\onedrive\umg\programacion\parcial2\nueva carpeta\ejercicoparcial\x64\release\empleado.obj
c:\users\william carrillo\onedrive\umg\programacion\parcial2\nueva carpeta\ejercicoparcial\x64\release\ejercicoparcial.obj
c:\users\william carrillo\onedrive\umg\programacion\parcial2\nueva carpeta\ejercicoparcial\x64\release\cliente.obj
c:\users\william carrillo\onedrive\umg\programacion\parcial2\ejercicoparcial\x64\release\ejercicoparcial.ipdb
c:\users\william carrillo\onedrive\umg\programacion\parcial2\ejercicoparcial\x64\release\ejercicoparcial.iobj
c:\users\william carrillo\onedrive\umg\programacion\parcial2\nueva carpeta\ejercicoparcial\x64\release\ejercicoparcial.ipdb
c:\users\william carrillo\onedrive\umg\programacion\parcial2\nueva carpeta\ejercicoparcial\x64\release\ejercicoparcial.iobj
c:\users\william carrillo\onedrive\umg\programacion\parcial2\ejercicoparcial\x64\release\ejercicoparcial.exe
c:\users\william carrillo\onedrive\umg\programacion\parcial2\ejercicoparcial\x64\release\ejercicoparcial.pdb
c:\users\william carrillo\onedrive\umg\programacion\parcial2\nueva carpeta\ejercicoparcial\x64\release\ejercicoparcial.exe
c:\users\william carrillo\onedrive\umg\programacion\parcial2\nueva carpeta\ejercicoparcial\x64\release\ejercicoparcial.pdb
c:\users\william carrillo\onedrive\umg\programacion\parcial2\nueva carpeta\ejercicoparcial\x64\release\ejercicoparcial.tlog\cl.command.1.tlog
c:\users\william carrillo\onedrive\umg\programacion\parcial2\nueva carpeta\ejercicoparcial\x64\release\ejercicoparcial.tlog\cl.read.1.tlog
c:\users\william carrillo\onedrive\umg\programacion\parcial2\nueva carpeta\ejercicoparcial\x64\release\ejercicoparcial.tlog\cl.write.1.tlog
c:\users\william carrillo\onedrive\umg\programacion\parcial2\nueva carpeta\ejercicoparcial\x64\release\ejercicoparcial.tlog\ejercicoparcial.write.1u.tlog
c:\users\william carrillo\onedrive\umg\programacion\parcial2\nueva carpeta\ejercicoparcial\x64\release\ejercicoparcial.tlog\link.command.1.tlog
c:\users\william carrillo\onedrive\umg\programacion\parcial2\nueva carpeta\ejercicoparcial\x64\release\ejercicoparcial.tlog\link.read.1.tlog
c:\users\william carrillo\onedrive\umg\programacion\parcial2\nueva carpeta\ejercicoparcial\x64\release\ejercicoparcial.tlog\link.write.1.tlog
